Determining if the pthread_create exist failed with the following output:
Change Dir: /home/nvidia/Venkat/coding/build/CMakeFiles/CMakeTmp

Run Build Command:"/usr/bin/make" "cmTC_4fe17/fast"
/usr/bin/make -f CMakeFiles/cmTC_4fe17.dir/build.make CMakeFiles/cmTC_4fe17.dir/build
make[1]: Entering directory '/home/nvidia/Venkat/coding/build/CMakeFiles/CMakeTmp'
Building C object CMakeFiles/cmTC_4fe17.dir/CheckSymbolExists.c.o
/usr/bin/cc   -fPIC    -o CMakeFiles/cmTC_4fe17.dir/CheckSymbolExists.c.o   -c /home/nvidia/Venkat/coding/build/CMakeFiles/CMakeTmp/CheckSymbolExists.c
Linking C executable cmTC_4fe17
/usr/bin/cmake -E cmake_link_script CMakeFiles/cmTC_4fe17.dir/link.txt --verbose=1
/usr/bin/cc -fPIC     CMakeFiles/cmTC_4fe17.dir/CheckSymbolExists.c.o  -o cmTC_4fe17 
CMakeFiles/cmTC_4fe17.dir/CheckSymbolExists.c.o: In function `main':
CheckSymbolExists.c:(.text+0x14): undefined reference to `pthread_create'
CheckSymbolExists.c:(.text+0x18): undefined reference to `pthread_create'
collect2: error: ld returned 1 exit status
CMakeFiles/cmTC_4fe17.dir/build.make:97: recipe for target 'cmTC_4fe17' failed
make[1]: *** [cmTC_4fe17] Error 1
make[1]: Leaving directory '/home/nvidia/Venkat/coding/build/CMakeFiles/CMakeTmp'
Makefile:126: recipe for target 'cmTC_4fe17/fast' failed
make: *** [cmTC_4fe17/fast] Error 2

File /home/nvidia/Venkat/coding/build/CMakeFiles/CMakeTmp/CheckSymbolExists.c:
/* */
#include <pthread.h>

int main(int argc, char** argv)
{
  (void)argv;
#ifndef pthread_create
  return ((int*)(&pthread_create))[argc];
#else
  (void)argc;
  return 0;
#endif
}

Determining if the function pthread_create exists in the pthreads failed with the following output:
Change Dir: /home/nvidia/Venkat/coding/build/CMakeFiles/CMakeTmp

Run Build Command:"/usr/bin/make" "cmTC_0c7dc/fast"
/usr/bin/make -f CMakeFiles/cmTC_0c7dc.dir/build.make CMakeFiles/cmTC_0c7dc.dir/build
make[1]: Entering directory '/home/nvidia/Venkat/coding/build/CMakeFiles/CMakeTmp'
Building C object CMakeFiles/cmTC_0c7dc.dir/CheckFunctionExists.c.o
/usr/bin/cc   -fPIC -DCHECK_FUNCTION_EXISTS=pthread_create   -o CMakeFiles/cmTC_0c7dc.dir/CheckFunctionExists.c.o   -c /usr/share/cmake-3.10/Modules/CheckFunctionExists.c
Linking C executable cmTC_0c7dc
/usr/bin/cmake -E cmake_link_script CMakeFiles/cmTC_0c7dc.dir/link.txt --verbose=1
/usr/bin/cc -fPIC -DCHECK_FUNCTION_EXISTS=pthread_create    CMakeFiles/cmTC_0c7dc.dir/CheckFunctionExists.c.o  -o cmTC_0c7dc -lpthreads 
/usr/bin/ld: cannot find -lpthreads
collect2: error: ld returned 1 exit status
CMakeFiles/cmTC_0c7dc.dir/build.make:97: recipe for target 'cmTC_0c7dc' failed
make[1]: *** [cmTC_0c7dc] Error 1
make[1]: Leaving directory '/home/nvidia/Venkat/coding/build/CMakeFiles/CMakeTmp'
Makefile:126: recipe for target 'cmTC_0c7dc/fast' failed
make: *** [cmTC_0c7dc/fast] Error 2


